<?xml version="1.0" encoding="UTF-8"?>
<!-- Generated by org.testng.reporters.JUnitXMLReporter -->
<testsuite hostname="HARI-PC" name="Test" tests="1" failures="1" timestamp="29 Jul 2017 12:09:15 GMT" time="53.449" errors="0">
  <testcase name="readdata" time="53.352" classname="googleinshght.GoogleInsight">
    <failure type="java.lang.IllegalStateException" message="The driver executable does not exist: D:\Harishankar\Harish\Jar files\chromedriver.exe">
      <![CDATA[java.lang.IllegalStateException: The driver executable does not exist: D:\Harishankar\Harish\Jar files\chromedriver.exe
	at com.google.common.base.Preconditions.checkState(Preconditions.java:199)
	at org.openqa.selenium.remote.service.DriverService.checkExecutable(DriverService.java:121)
	at org.openqa.selenium.remote.service.DriverService.findExecutable(DriverService.java:116)
	at org.openqa.selenium.chrome.ChromeDriverService.access$0(ChromeDriverService.java:1)
	at org.openqa.selenium.chrome.ChromeDriverService$Builder.findDefaultExecutable(ChromeDriverService.java:137)
	at org.openqa.selenium.remote.service.DriverService$Builder.build(DriverService.java:296)
	at org.openqa.selenium.chrome.ChromeDriverService.createDefaultService(ChromeDriverService.java:88)
	at org.openqa.selenium.chrome.ChromeDriver.<init>(ChromeDriver.java:116)
	at googleinshght.GoogleReport.browserToUrl(GoogleReport.java:21)
	at googleinshght.GoogleInsight.readdata(GoogleInsight.java:39)
... Removed 24 stack frames]]>
    </failure>
  </testcase> <!-- readdata -->
</testsuite> <!-- Test -->
