<?xml version="1.0" encoding="UTF-8"?>
<testng-results skipped="0" failed="0" total="1" passed="1">
  <reporter-output>
  </reporter-output>
  <suite name="Default suite" duration-ms="517" started-at="2017-07-18T12:45:33Z" finished-at="2017-07-18T12:45:33Z">
    <groups>
    </groups>
    <test name="Default test" duration-ms="517" started-at="2017-07-18T12:45:33Z" finished-at="2017-07-18T12:45:33Z">
      <class name="googleinshght.Sample">
        <test-method status="PASS" signature="add1()[pri:0, instance:googleinshght.Sample@100fc185]" name="add1" duration-ms="517" started-at="2017-07-18T18:15:33Z" finished-at="2017-07-18T18:15:33Z">
          <reporter-output>
          </reporter-output>
        </test-method> <!-- add1 -->
      </class> <!-- googleinshght.Sample -->
    </test> <!-- Default test -->
  </suite> <!-- Default suite -->
</testng-results>
